<?xml version="1.0" encoding="UTF-8"?>
<!-- Generated by org.testng.reporters.JUnitReportReporter -->
<testsuite hostname="PTDVN220045" failures="0" tests="2" name="org.rahulshettyacademy.eCommerce_tc_2" time="26.924" errors="0" timestamp="2023-06-09T11:28:40 ICT" skipped="0">
  <testcase classname="org.rahulshettyacademy.eCommerce_tc_2" name="FillForm_ErrorValidation" time="8.373"/>
  <system-out/>
  <testcase classname="org.rahulshettyacademy.eCommerce_tc_2" name="FillForm_PositiveFlow" time="18.551"/>
  <system-out/>
</testsuite> <!-- org.rahulshettyacademy.eCommerce_tc_2 -->
