<?xml version="1.0" encoding="UTF-8"?>
<!-- Generated by org.testng.reporters.JUnitReportReporter -->
<testsuite hostname="PTDVN220045" failures="0" tests="2" name="org.rahulshettyacademy.eCommerce_tc_2" time="25.817" errors="0" timestamp="2023-06-08T17:30:32 ICT" skipped="0">
  <testcase classname="org.rahulshettyacademy.eCommerce_tc_2" name="FillForm_ErrorValidation" time="7.798"/>
  <system-out/>
  <testcase classname="org.rahulshettyacademy.eCommerce_tc_2" name="FillForm_PositiveFlow" time="18.019"/>
  <system-out/>
</testsuite> <!-- org.rahulshettyacademy.eCommerce_tc_2 -->
