<?xml version="1.0" encoding="UTF-8"?>
<!-- Generated by org.testng.reporters.JUnitReportReporter -->
<testsuite hostname="PTDVN220045" failures="0" tests="3" name="org.rahulshettyacademy.eCommerce_tc_4_hybrid" time="74.807" errors="0" timestamp="2023-06-09T11:35:58 ICT" skipped="0">
  <testcase classname="org.rahulshettyacademy.eCommerce_tc_4_hybrid" name="FillForm" time="25.364"/>
  <system-out/>
  <testcase classname="org.rahulshettyacademy.eCommerce_tc_4_hybrid" name="FillForm" time="25.017"/>
  <system-out/>
  <testcase classname="org.rahulshettyacademy.eCommerce_tc_4_hybrid" name="FillForm" time="24.426"/>
  <system-out/>
</testsuite> <!-- org.rahulshettyacademy.eCommerce_tc_4_hybrid -->
